Trimestre 8/Movil-main/AppBase/app/build/intermediates/manifest_merge_blame_file/debug/processDebugMainManifest/manifest-merger-blame-debug-report.txt
1<?xml version="1.0" encoding="utf-8"?>
2<manifest xmlns:android="http://schemas.android.com/apk/res/android"
3    package="com.example.appinterface"
4    android:versionCode="1"
5    android:versionName="1.0" >
6
7    <uses-sdk
8        android:minSdkVersion="25"
9        android:targetSdkVersion="35" />
10
11    <uses-permission android:name="android.permission.INTERNET" />
11-->src\main\AndroidManifest.xml:6:2-64
11-->src\main\AndroidManifest.xml:6:19-61
12
13    <permission
13-->[androidx.core:core:1.15.0] AndroidManifest.xml:22:5-24:47
14        android:name="com.example.appinterface.DYNAMIC_RECEIVER_NOT_EXPORTED_PERMISSION"
14-->[androidx.core:core:1.15.0] AndroidManifest.xml:23:9-81
15        android:protectionLevel="signature" />
15-->[androidx.core:core:1.15.0] AndroidManifest.xml:24:9-44
16
17    <uses-permission android:name="com.example.appinterface.DYNAMIC_RECEIVER_NOT_EXPORTED_PERMISSION" />
17-->[androidx.core:core:1.15.0] AndroidManifest.xml:26:5-97
17-->[androidx.core:core:1.15.0] AndroidManifest.xml:26:22-94
18
19    <application
19-->src\main\AndroidManifest.xml:8:2-36:16
20        android:allowBackup="true"
20-->src\main\AndroidManifest.xml:9:4-30
21        android:appComponentFactory="androidx.core.app.CoreComponentFactory"
21-->[androidx.core:core:1.15.0] AndroidManifest.xml:28:18-86
22        android:dataExtractionRules="@xml/data_extraction_rules"
22-->src\main\AndroidManifest.xml:10:4-60
23        android:debuggable="true"
24        android:extractNativeLibs="false"
25        android:fullBackupContent="@xml/backup_rules"
25-->src\main\AndroidManifest.xml:11:4-49
26        android:label="@string/app_name"
26-->src\main\AndroidManifest.xml:12:4-36
27        android:supportsRtl="true"
27-->src\main\AndroidManifest.xml:13:4-30
28        android:testOnly="true"
29        android:theme="@style/Theme.AppInterface" >
29-->src\main\AndroidManifest.xml:14:4-45
30        <activity
30-->src\main\AndroidManifest.xml:17:3-24:14
31            android:name="com.example.appinterface.MainActivity"
31-->src\main\AndroidManifest.xml:18:5-33
32            android:exported="true" >
32-->src\main\AndroidManifest.xml:19:5-28
33            <intent-filter>
33-->src\main\AndroidManifest.xml:20:4-23:20
34                <action android:name="android.intent.action.MAIN" />
34-->src\main\AndroidManifest.xml:21:5-57
34-->src\main\AndroidManifest.xml:21:13-54
35
36                <category android:name="android.intent.category.LAUNCHER" />
36-->src\main\AndroidManifest.xml:22:5-65
36-->src\main\AndroidManifest.xml:22:15-62
37            </intent-filter>
38        </activity>
39        <activity
39-->src\main\AndroidManifest.xml:26:3-85
40            android:name="com.example.appinterface.proveedor.ProveedoresActivity"
40-->src\main\AndroidManifest.xml:26:13-58
41            android:exported="true" />
41-->src\main\AndroidManifest.xml:26:59-82
42        <activity android:name="com.example.appinterface.proveedor.AddProveedorActivity" />
42-->src\main\AndroidManifest.xml:27:3-62
42-->src\main\AndroidManifest.xml:27:13-59
43        <activity android:name="com.example.appinterface.proveedor.EditProveedorActivity" />
43-->src\main\AndroidManifest.xml:28:3-62
43-->src\main\AndroidManifest.xml:28:13-60
44        <activity android:name="com.example.appinterface.Usuario.UsuarioActivity" />
44-->src\main\AndroidManifest.xml:29:3-54
44-->src\main\AndroidManifest.xml:29:13-52
45        <activity android:name="com.example.appinterface.Usuario.RegistroUsuario" />
45-->src\main\AndroidManifest.xml:30:3-54
45-->src\main\AndroidManifest.xml:30:13-52
46        <activity android:name="com.example.appinterface.Usuario.EditarUsuarioActivity" />
46-->src\main\AndroidManifest.xml:31:3-60
46-->src\main\AndroidManifest.xml:31:13-58
47        <activity
47-->src\main\AndroidManifest.xml:32:3-76
48            android:name="com.example.appinterface.venta.VentasActivity"
48-->src\main\AndroidManifest.xml:32:13-49
49            android:exported="true" />
49-->src\main\AndroidManifest.xml:32:50-73
50        <activity android:name="com.example.appinterface.Productos.ProductosActivity" />
50-->src\main\AndroidManifest.xml:33:3-58
50-->src\main\AndroidManifest.xml:33:13-56
51        <activity android:name="com.example.appinterface.Productos.GestionProductosActivity" />
51-->src\main\AndroidManifest.xml:34:3-65
51-->src\main\AndroidManifest.xml:34:13-63
52
53        <provider
53-->[androidx.emoji2:emoji2:1.3.0] AndroidManifest.xml:24:9-32:20
54            android:name="androidx.startup.InitializationProvider"
54-->[androidx.emoji2:emoji2:1.3.0] AndroidManifest.xml:25:13-67
55            android:authorities="com.example.appinterface.androidx-startup"
55-->[androidx.emoji2:emoji2:1.3.0] AndroidManifest.xml:26:13-68
56            android:exported="false" >
56-->[androidx.emoji2:emoji2:1.3.0] AndroidManifest.xml:27:13-37
57            <meta-data
57-->[androidx.emoji2:emoji2:1.3.0] AndroidManifest.xml:29:13-31:52
58                android:name="androidx.emoji2.text.EmojiCompatInitializer"
58-->[androidx.emoji2:emoji2:1.3.0] AndroidManifest.xml:30:17-75
59                android:value="androidx.startup" />
59-->[androidx.emoji2:emoji2:1.3.0] AndroidManifest.xml:31:17-49
60            <meta-data
60-->[androidx.lifecycle:lifecycle-process:2.6.2] AndroidManifest.xml:29:13-31:52
61                android:name="androidx.lifecycle.ProcessLifecycleInitializer"
61-->[androidx.lifecycle:lifecycle-process:2.6.2] AndroidManifest.xml:30:17-78
62                android:value="androidx.startup" />
62-->[androidx.lifecycle:lifecycle-process:2.6.2] AndroidManifest.xml:31:17-49
63            <meta-data
63-->[androidx.profileinstaller:profileinstaller:1.4.0] AndroidManifest.xml:29:13-31:52
64                android:name="androidx.profileinstaller.ProfileInstallerInitializer"
64-->[androidx.profileinstaller:profileinstaller:1.4.0] AndroidManifest.xml:30:17-85
65                android:value="androidx.startup" />
65-->[androidx.profileinstaller:profileinstaller:1.4.0] AndroidManifest.xml:31:17-49
66        </provider>
67        <provider
67-->[com.squareup.picasso:picasso:2.71828] AndroidManifest.xml:8:9-11:40
68            android:name="com.squareup.picasso.PicassoProvider"
68-->[com.squareup.picasso:picasso:2.71828] AndroidManifest.xml:9:13-64
69            android:authorities="com.example.appinterface.com.squareup.picasso"
69-->[com.squareup.picasso:picasso:2.71828] AndroidManifest.xml:10:13-72
70            android:exported="false" />
70-->[com.squareup.picasso:picasso:2.71828] AndroidManifest.xml:11:13-37
71
72        <receiver
72-->[androidx.profileinstaller:profileinstaller:1.4.0] AndroidManifest.xml:34:9-52:20
73            android:name="androidx.profileinstaller.ProfileInstallReceiver"
73-->[androidx.profileinstaller:profileinstaller:1.4.0] AndroidManifest.xml:35:13-76
74            android:directBootAware="false"
74-->[androidx.profileinstaller:profileinstaller:1.4.0] AndroidManifest.xml:36:13-44
75            android:enabled="true"
75-->[androidx.profileinstaller:profileinstaller:1.4.0] AndroidManifest.xml:37:13-35
76            android:exported="true"
76-->[androidx.profileinstaller:profileinstaller:1.4.0] AndroidManifest.xml:38:13-36
77            android:permission="android.permission.DUMP" >
77-->[androidx.profileinstaller:profileinstaller:1.4.0] AndroidManifest.xml:39:13-57
78            <intent-filter>
78-->[androidx.profileinstaller:profileinstaller:1.4.0] AndroidManifest.xml:40:13-42:29
79                <action android:name="androidx.profileinstaller.action.INSTALL_PROFILE" />
79-->[androidx.profileinstaller:profileinstaller:1.4.0] AndroidManifest.xml:41:17-91
79-->[androidx.profileinstaller:profileinstaller:1.4.0] AndroidManifest.xml:41:25-88
80            </intent-filter>
81            <intent-filter>
81-->[androidx.profileinstaller:profileinstaller:1.4.0] AndroidManifest.xml:43:13-45:29
82                <action android:name="androidx.profileinstaller.action.SKIP_FILE" />
82-->[androidx.profileinstaller:profileinstaller:1.4.0] AndroidManifest.xml:44:17-85
82-->[androidx.profileinstaller:profileinstaller:1.4.0] AndroidManifest.xml:44:25-82
83            </intent-filter>
84            <intent-filter>
84-->[androidx.profileinstaller:profileinstaller:1.4.0] AndroidManifest.xml:46:13-48:29
85                <action android:name="androidx.profileinstaller.action.SAVE_PROFILE" />
85-->[androidx.profileinstaller:profileinstaller:1.4.0] AndroidManifest.xml:47:17-88
85-->[androidx.profileinstaller:profileinstaller:1.4.0] AndroidManifest.xml:47:25-85
86            </intent-filter>
87            <intent-filter>
87-->[androidx.profileinstaller:profileinstaller:1.4.0] AndroidManifest.xml:49:13-51:29
88                <action android:name="androidx.profileinstaller.action.BENCHMARK_OPERATION" />
88-->[androidx.profileinstaller:profileinstaller:1.4.0] AndroidManifest.xml:50:17-95
88-->[androidx.profileinstaller:profileinstaller:1.4.0] AndroidManifest.xml:50:25-92
89            </intent-filter>
90        </receiver>
91    </application>
92
93</manifest>